<?xml version="1.0" encoding="UTF-8"?>
<robot generator="Robot 7.4.1 (Python 3.13.1 on win32)" generated="2026-02-17T21:36:45.263729" rpa="false" schemaversion="5">
<suite id="s1" name="Crm" source="C:\369_workspaces\02_Test_Framework\robot-framework\robot-framework-practice\crm\Tests\crm.robot">
<test id="s1-t1" name="Should be able to add new customer" line="12">
<kw name="Set Selenium Speed" owner="SeleniumLibrary">
<arg>.2s</arg>
<doc>Sets the delay that is waited after each Selenium command.</doc>
<status status="PASS" start="2026-02-17T21:36:45.531831" elapsed="0.000285"/>
</kw>
<kw name="Set Selenium Timeout" owner="SeleniumLibrary">
<arg>10s</arg>
<doc>Sets the timeout that is used by various keywords.</doc>
<status status="PASS" start="2026-02-17T21:36:45.532261" elapsed="0.000158"/>
</kw>
<kw name="Log" owner="BuiltIn">
<msg time="2026-02-17T21:36:45.532712" level="INFO">Starting the test case!</msg>
<arg>Starting the test case!</arg>
<doc>Logs the given message with the given level.</doc>
<status status="PASS" start="2026-02-17T21:36:45.532505" elapsed="0.000251"/>
</kw>
<kw name="Open Browser" owner="SeleniumLibrary">
<msg time="2026-02-17T21:36:45.532951" level="INFO">Opening browser 'edge' to base url 'https://automationplayground.com/crm/'.</msg>
<arg>https://automationplayground.com/crm/</arg>
<arg>edge</arg>
<doc>Opens a new browser instance to the optional ``url``.</doc>
<status status="PASS" start="2026-02-17T21:36:45.532843" elapsed="3.935252"/>
</kw>
<kw name="Set Window Position" owner="SeleniumLibrary">
<arg>x=341</arg>
<arg>y=169</arg>
<doc>Sets window position using ``x`` and ``y`` coordinates.</doc>
<status status="PASS" start="2026-02-17T21:36:49.468268" elapsed="0.220383"/>
</kw>
<kw name="Set Window Size" owner="SeleniumLibrary">
<arg>width=1935</arg>
<arg>height=1090</arg>
<doc>Sets current windows size to given ``width`` and ``height``.</doc>
<status status="PASS" start="2026-02-17T21:36:49.688901" elapsed="0.235145"/>
</kw>
<kw name="Page Should Contain" owner="SeleniumLibrary">
<msg time="2026-02-17T21:36:50.343737" level="INFO">Current page contains text 'Customers Are Priority One'.</msg>
<arg>Customers Are Priority One</arg>
<doc>Verifies that current page contains ``text``.</doc>
<status status="PASS" start="2026-02-17T21:36:49.924221" elapsed="0.419665"/>
</kw>
<kw name="Click Link" owner="SeleniumLibrary">
<msg time="2026-02-17T21:36:50.344613" level="INFO">Clicking link 'id=SignIn'.</msg>
<arg>id=SignIn</arg>
<doc>Clicks a link identified by ``locator``.</doc>
<status status="PASS" start="2026-02-17T21:36:50.344081" elapsed="1.769224"/>
</kw>
<kw name="Page Should Contain" owner="SeleniumLibrary">
<msg time="2026-02-17T21:36:52.548465" level="INFO">Current page contains text 'Login'.</msg>
<arg>Login</arg>
<doc>Verifies that current page contains ``text``.</doc>
<status status="PASS" start="2026-02-17T21:36:52.113626" elapsed="0.434978"/>
</kw>
<kw name="Input Text" owner="SeleniumLibrary">
<msg time="2026-02-17T21:36:52.549007" level="INFO">Typing text 'admin@robotframeworktutorial.com' into text field 'id=email-id'.</msg>
<arg>id=email-id</arg>
<arg>admin@robotframeworktutorial.com</arg>
<doc>Types the given ``text`` into the text field identified by ``locator``.</doc>
<status status="PASS" start="2026-02-17T21:36:52.548770" elapsed="0.698780"/>
</kw>
<kw name="Input Text" owner="SeleniumLibrary">
<msg time="2026-02-17T21:36:53.247967" level="INFO">Typing text 'qwe' into text field 'id=password'.</msg>
<arg>id=password</arg>
<arg>qwe</arg>
<doc>Types the given ``text`` into the text field identified by ``locator``.</doc>
<status status="PASS" start="2026-02-17T21:36:53.247720" elapsed="0.697763"/>
</kw>
<kw name="Click Button" owner="SeleniumLibrary">
<msg time="2026-02-17T21:36:53.945876" level="INFO">Clicking button 'Submit'.</msg>
<arg>Submit</arg>
<doc>Clicks the button identified by ``locator``.</doc>
<status status="PASS" start="2026-02-17T21:36:53.945686" elapsed="1.724310"/>
</kw>
<kw name="Click Link" owner="SeleniumLibrary">
<msg time="2026-02-17T21:36:55.670706" level="INFO">Clicking link 'New Customer'.</msg>
<arg>New Customer</arg>
<doc>Clicks a link identified by ``locator``.</doc>
<status status="PASS" start="2026-02-17T21:36:55.670206" elapsed="1.264381"/>
</kw>
<kw name="Input Text" owner="SeleniumLibrary">
<msg time="2026-02-17T21:36:56.936037" level="INFO">Typing text 'testuser@example.com' into text field 'id=EmailAddress'.</msg>
<arg>id=EmailAddress</arg>
<arg>testuser@example.com</arg>
<doc>Types the given ``text`` into the text field identified by ``locator``.</doc>
<status status="PASS" start="2026-02-17T21:36:56.935191" elapsed="0.710413"/>
</kw>
<kw name="Input Text" owner="SeleniumLibrary">
<msg time="2026-02-17T21:36:57.646056" level="INFO">Typing text 'John' into text field 'id=FirstName'.</msg>
<arg>id=FirstName</arg>
<arg>John</arg>
<doc>Types the given ``text`` into the text field identified by ``locator``.</doc>
<status status="PASS" start="2026-02-17T21:36:57.645812" elapsed="0.670023"/>
</kw>
<kw name="Input Text" owner="SeleniumLibrary">
<msg time="2026-02-17T21:36:58.316243" level="INFO">Typing text 'Doe' into text field 'id=LastName'.</msg>
<arg>id=LastName</arg>
<arg>Doe</arg>
<doc>Types the given ``text`` into the text field identified by ``locator``.</doc>
<status status="PASS" start="2026-02-17T21:36:58.316030" elapsed="0.668790"/>
</kw>
<kw name="Input Text" owner="SeleniumLibrary">
<msg time="2026-02-17T21:36:58.985697" level="INFO">Typing text 'New York' into text field 'id=City'.</msg>
<arg>id=City</arg>
<arg>New York</arg>
<doc>Types the given ``text`` into the text field identified by ``locator``.</doc>
<status status="PASS" start="2026-02-17T21:36:58.985254" elapsed="0.680615"/>
</kw>
<kw name="Select From List By Label" owner="SeleniumLibrary">
<msg time="2026-02-17T21:36:59.666409" level="INFO">Selecting options from selection list 'id=StateOrRegion' by label Texas.</msg>
<arg>id=StateOrRegion</arg>
<arg>Texas</arg>
<doc>Selects options from selection list ``locator`` by ``labels``.</doc>
<status status="PASS" start="2026-02-17T21:36:59.666163" elapsed="2.324624"/>
</kw>
<kw name="Select Radio Button" owner="SeleniumLibrary">
<msg time="2026-02-17T21:37:01.991177" level="INFO">Selecting 'male' from radio button 'gender'.</msg>
<arg>gender</arg>
<arg>male</arg>
<doc>Sets the radio button group ``group_name`` to ``value``.</doc>
<status status="PASS" start="2026-02-17T21:37:01.991013" elapsed="0.662794"/>
</kw>
<kw name="Select Checkbox" owner="SeleniumLibrary">
<msg time="2026-02-17T21:37:02.654145" level="INFO">Selecting checkbox 'name=promos-name'.</msg>
<arg>name=promos-name</arg>
<doc>Selects the checkbox identified by ``locator``.</doc>
<status status="PASS" start="2026-02-17T21:37:02.653974" elapsed="1.192835"/>
</kw>
<kw name="Click Button" owner="SeleniumLibrary">
<msg time="2026-02-17T21:37:03.847191" level="INFO">Clicking button 'Submit'.</msg>
<arg>Submit</arg>
<doc>Clicks the button identified by ``locator``.</doc>
<status status="PASS" start="2026-02-17T21:37:03.847001" elapsed="0.864710"/>
</kw>
<kw name="Sleep" owner="BuiltIn">
<msg time="2026-02-17T21:37:06.712909" level="INFO">Slept 2 seconds.</msg>
<arg>2s</arg>
<doc>Pauses the test executed for the given time.</doc>
<status status="PASS" start="2026-02-17T21:37:04.712016" elapsed="2.001038"/>
</kw>
<kw name="Close Browser" owner="SeleniumLibrary">
<doc>Closes the current browser.</doc>
<status status="PASS" start="2026-02-17T21:37:06.713238" elapsed="2.407779"/>
</kw>
<doc>This is some basic info about the test</doc>
<tag>1006</tag>
<tag>Contacts</tag>
<tag>Smoke</tag>
<status status="PASS" start="2026-02-17T21:36:45.530573" elapsed="23.590714"/>
</test>
<doc>This is some basic info about the whole suite</doc>
<status status="PASS" start="2026-02-17T21:36:45.265207" elapsed="23.857374"/>
</suite>
<statistics>
<total>
<stat pass="1" fail="0" skip="0">All Tests</stat>
</total>
<tag>
<stat pass="1" fail="0" skip="0">1006</stat>
<stat pass="1" fail="0" skip="0">Contacts</stat>
<stat pass="1" fail="0" skip="0">Smoke</stat>
</tag>
<suite>
<stat name="Crm" id="s1" pass="1" fail="0" skip="0">Crm</stat>
</suite>
</statistics>
<errors>
</errors>
</robot>
