<?xml version="1.0" encoding="UTF-8"?>
<robot generator="Robot 7.4.1 (Python 3.13.1 on win32)" generated="2026-02-18T13:40:38.424526" rpa="false" schemaversion="5">
<suite id="s1" name="Amazon" source="C:\369_workspaces\02_Test_Framework\robot-framework\robot-framework-practice\amazon\tests\amazon.robot">
<test id="s1-t1" name="User can search for products" line="18">
<kw name="Open Browser" owner="SeleniumLibrary">
<msg time="2026-02-18T13:40:38.620263" level="INFO">Opening browser 'edge' to base url 'https://www.amazon.com'.</msg>
<arg>${AMAZON_URL}</arg>
<arg>edge</arg>
<doc>Opens a new browser instance to the optional ``url``.</doc>
<status status="PASS" start="2026-02-18T13:40:38.620051" elapsed="1.491945"/>
</kw>
<kw name="Wait Until Page Contains" owner="SeleniumLibrary">
<arg>Search Amazon</arg>
<doc>Waits until ``text`` appears on the current page.</doc>
<status status="PASS" start="2026-02-18T13:40:40.112460" elapsed="2.043118"/>
</kw>
<kw name="Dismiss Delivery Popup If Present">
<kw name="Run Keyword And Return Status" owner="BuiltIn">
<kw name="Wait Until Element Is Visible" owner="SeleniumLibrary">
<msg time="2026-02-18T13:40:44.445252" level="INFO" html="true">&lt;/td&gt;&lt;/tr&gt;&lt;tr&gt;&lt;td colspan="3"&gt;&lt;a href="selenium-screenshot-7.png"&gt;&lt;img src="selenium-screenshot-7.png" width="800px"&gt;&lt;/a&gt;</msg>
<msg time="2026-02-18T13:40:44.445407" level="FAIL">Element 'xpath=//button[normalize-space(.)="Dismiss"]' not visible after 2 seconds.</msg>
<arg>${DELIVERY_DISMISS_BUTTON}</arg>
<arg>timeout=2s</arg>
<doc>Waits until the element ``locator`` is visible.</doc>
<status status="FAIL" start="2026-02-18T13:40:42.157080" elapsed="2.289797">Element 'xpath=//button[normalize-space(.)="Dismiss"]' not visible after 2 seconds.</status>
</kw>
<msg time="2026-02-18T13:40:44.447027" level="INFO">${is_visible} = False</msg>
<var>${is_visible}</var>
<arg>Wait Until Element Is Visible</arg>
<arg>${DELIVERY_DISMISS_BUTTON}</arg>
<arg>timeout=2s</arg>
<doc>Runs the specified keyword and returns the status as a Boolean value.</doc>
<status status="PASS" start="2026-02-18T13:40:42.156637" elapsed="2.290414"/>
</kw>
<if>
<branch type="IF" condition="${is_visible}">
<kw name="Click Button" owner="SeleniumLibrary">
<arg>${DELIVERY_DISMISS_BUTTON}</arg>
<doc>Clicks the button identified by ``locator``.</doc>
<status status="NOT RUN" start="2026-02-18T13:40:44.447282" elapsed="0.000022"/>
</kw>
<status status="NOT RUN" start="2026-02-18T13:40:44.447145" elapsed="0.000187"/>
</branch>
<status status="PASS" start="2026-02-18T13:40:44.447118" elapsed="0.000248"/>
</if>
<status status="PASS" start="2026-02-18T13:40:42.156227" elapsed="2.291189"/>
</kw>
<kw name="Input Text" owner="SeleniumLibrary">
<msg time="2026-02-18T13:40:44.447896" level="INFO">Typing text 'Ferrari 458' into text field 'id=twotabsearchtextbox'.</msg>
<arg>${SEARCH_INPUT}</arg>
<arg>Ferrari 458</arg>
<doc>Types the given ``text`` into the text field identified by ``locator``.</doc>
<status status="PASS" start="2026-02-18T13:40:44.447702" elapsed="0.131268"/>
</kw>
<kw name="Press Keys" owner="SeleniumLibrary">
<msg time="2026-02-18T13:40:44.579777" level="INFO">Sending key(s) ('ENTER',) to id=twotabsearchtextbox element.</msg>
<msg time="2026-02-18T13:40:44.895219" level="INFO">Pressing special key ENTER to element.</msg>
<msg time="2026-02-18T13:40:44.895291" level="INFO">Releasing special key ENTER.</msg>
<arg>${SEARCH_INPUT}</arg>
<arg>ENTER</arg>
<doc>Simulates the user pressing key(s) to an element or on the active browser.</doc>
<status status="PASS" start="2026-02-18T13:40:44.579362" elapsed="5.660556"/>
</kw>
<kw name="Wait Until Element Is Visible" owner="SeleniumLibrary">
<arg>${SEARCH_RESULTS_CONTAINER}</arg>
<arg>timeout=15s</arg>
<doc>Waits until the element ``locator`` is visible.</doc>
<status status="PASS" start="2026-02-18T13:40:50.240763" elapsed="0.072732"/>
</kw>
<kw name="Page Should Contain Element" owner="SeleniumLibrary">
<msg time="2026-02-18T13:40:50.412361" level="INFO">Current page contains element 'xpath=//span[contains(translate(., 'ABCDEFGHIJKLMNOPQRSTUVWXYZ', 'abcdefghijklmnopqrstuvwxyz'), 'ferrari 458')]'.</msg>
<arg>xpath=//span[contains(translate(., 'ABCDEFGHIJKLMNOPQRSTUVWXYZ', 'abcdefghijklmnopqrstuvwxyz'), 'ferrari 458')]</arg>
<doc>Verifies that element ``locator`` is found on the current page.</doc>
<status status="PASS" start="2026-02-18T13:40:50.314168" elapsed="0.098398"/>
</kw>
<kw name="Close Browser" owner="SeleniumLibrary" type="TEARDOWN">
<doc>Closes the current browser.</doc>
<status status="PASS" start="2026-02-18T13:40:50.413533" elapsed="2.187714"/>
</kw>
<doc>This is some basic info about the test</doc>
<tag>Smoke</tag>
<status status="PASS" start="2026-02-18T13:40:38.619216" elapsed="13.982866"/>
</test>
<doc>This is some basic info about the whole suite</doc>
<status status="PASS" start="2026-02-18T13:40:38.425713" elapsed="14.179415"/>
</suite>
<statistics>
<total>
<stat pass="1" fail="0" skip="0">All Tests</stat>
</total>
<tag>
<stat pass="1" fail="0" skip="0">Smoke</stat>
</tag>
<suite>
<stat name="Amazon" id="s1" pass="1" fail="0" skip="0">Amazon</stat>
</suite>
</statistics>
<errors>
</errors>
</robot>
