<?xml version="1.0" encoding="UTF-8"?>
<robot generator="Robot 7.4.1 (Python 3.13.1 on win32)" generated="2026-02-18T14:05:57.320985" rpa="false" schemaversion="5">
<suite id="s1" name="Amazon" source="C:\369_workspaces\02_Test_Framework\robot-framework\robot-framework-practice\amazon\tests\amazon.robot">
<test id="s1-t1" name="User can search for products" line="18">
<kw name="Open Browser" owner="SeleniumLibrary">
<msg time="2026-02-18T14:05:57.536026" level="INFO">Opening browser 'edge' to base url 'https://www.amazon.com'.</msg>
<arg>${AMAZON_URL}</arg>
<arg>edge</arg>
<doc>Opens a new browser instance to the optional ``url``.</doc>
<status status="PASS" start="2026-02-18T14:05:57.535773" elapsed="1.453650"/>
</kw>
<kw name="Wait Until Page Contains" owner="SeleniumLibrary">
<arg>Search Amazon</arg>
<doc>Waits until ``text`` appears on the current page.</doc>
<status status="PASS" start="2026-02-18T14:05:58.989983" elapsed="3.079161"/>
</kw>
<kw name="Dismiss Delivery Popup If Present">
<kw name="Run Keyword And Return Status" owner="BuiltIn">
<kw name="Wait Until Element Is Visible" owner="SeleniumLibrary">
<msg time="2026-02-18T14:06:04.358523" level="INFO" html="true">&lt;/td&gt;&lt;/tr&gt;&lt;tr&gt;&lt;td colspan="3"&gt;&lt;a href="selenium-screenshot-1.png"&gt;&lt;img src="selenium-screenshot-1.png" width="800px"&gt;&lt;/a&gt;</msg>
<msg time="2026-02-18T14:06:04.358749" level="FAIL">Element 'xpath=//button[normalize-space(.)="Dismiss"]' not visible after 2 seconds.</msg>
<arg>${DELIVERY_DISMISS_BUTTON}</arg>
<arg>timeout=2s</arg>
<doc>Waits until the element ``locator`` is visible.</doc>
<status status="FAIL" start="2026-02-18T14:06:02.070825" elapsed="2.290187">Element 'xpath=//button[normalize-space(.)="Dismiss"]' not visible after 2 seconds.</status>
</kw>
<msg time="2026-02-18T14:06:04.361224" level="INFO">${is_visible} = False</msg>
<var>${is_visible}</var>
<arg>Wait Until Element Is Visible</arg>
<arg>${DELIVERY_DISMISS_BUTTON}</arg>
<arg>timeout=2s</arg>
<doc>Runs the specified keyword and returns the status as a Boolean value.</doc>
<status status="PASS" start="2026-02-18T14:06:02.070410" elapsed="2.290842"/>
</kw>
<if>
<branch type="IF" condition="${is_visible}">
<kw name="Click Button" owner="SeleniumLibrary">
<arg>${DELIVERY_DISMISS_BUTTON}</arg>
<doc>Clicks the button identified by ``locator``.</doc>
<status status="NOT RUN" start="2026-02-18T14:06:04.361538" elapsed="0.000028"/>
</kw>
<status status="NOT RUN" start="2026-02-18T14:06:04.361360" elapsed="0.000248"/>
</branch>
<status status="PASS" start="2026-02-18T14:06:04.361331" elapsed="0.000320"/>
</if>
<status status="PASS" start="2026-02-18T14:06:02.070022" elapsed="2.291686"/>
</kw>
<kw name="Input Text" owner="SeleniumLibrary">
<msg time="2026-02-18T14:06:04.362982" level="INFO">Typing text 'Ferrari 458' into text field 'id=twotabsearchtextbox'.</msg>
<arg>${SEARCH_INPUT}</arg>
<arg>Ferrari 458</arg>
<doc>Types the given ``text`` into the text field identified by ``locator``.</doc>
<status status="PASS" start="2026-02-18T14:06:04.362605" elapsed="0.173343"/>
</kw>
<kw name="Press Keys" owner="SeleniumLibrary">
<msg time="2026-02-18T14:06:04.537165" level="INFO">Sending key(s) ('ENTER',) to id=twotabsearchtextbox element.</msg>
<msg time="2026-02-18T14:06:04.843290" level="INFO">Pressing special key ENTER to element.</msg>
<msg time="2026-02-18T14:06:04.843360" level="INFO">Releasing special key ENTER.</msg>
<arg>${SEARCH_INPUT}</arg>
<arg>ENTER</arg>
<doc>Simulates the user pressing key(s) to an element or on the active browser.</doc>
<status status="PASS" start="2026-02-18T14:06:04.536598" elapsed="3.688199"/>
</kw>
<kw name="Wait Until Element Is Visible" owner="SeleniumLibrary">
<arg>${SEARCH_RESULTS_CONTAINER}</arg>
<arg>timeout=15s</arg>
<doc>Waits until the element ``locator`` is visible.</doc>
<status status="PASS" start="2026-02-18T14:06:08.225448" elapsed="0.028683"/>
</kw>
<kw name="Page Should Contain Element" owner="SeleniumLibrary">
<msg time="2026-02-18T14:06:08.272832" level="INFO">Current page contains element 'xpath=//span[contains(translate(., 'ABCDEFGHIJKLMNOPQRSTUVWXYZ', 'abcdefghijklmnopqrstuvwxyz'), 'ferrari 458')]'.</msg>
<arg>xpath=//span[contains(translate(., 'ABCDEFGHIJKLMNOPQRSTUVWXYZ', 'abcdefghijklmnopqrstuvwxyz'), 'ferrari 458')]</arg>
<doc>Verifies that element ``locator`` is found on the current page.</doc>
<status status="PASS" start="2026-02-18T14:06:08.254500" elapsed="0.018467"/>
</kw>
<kw name="Close Browser" owner="SeleniumLibrary" type="TEARDOWN">
<doc>Closes the current browser.</doc>
<status status="PASS" start="2026-02-18T14:06:08.273504" elapsed="2.276049"/>
</kw>
<doc>This is some basic info about the test</doc>
<tag>Smoke</tag>
<status status="PASS" start="2026-02-18T14:05:57.534819" elapsed="13.015412"/>
</test>
<test id="s1-t2" name="User can view a product" line="29">
<kw name="Open Browser" owner="SeleniumLibrary">
<msg time="2026-02-18T14:06:10.555207" level="INFO">Opening browser 'edge' to base url 'http://www.amazon.com'.</msg>
<arg>http://www.amazon.com</arg>
<arg>edge</arg>
<doc>Opens a new browser instance to the optional ``url``.</doc>
<status status="PASS" start="2026-02-18T14:06:10.552969" elapsed="1.496387"/>
</kw>
<kw name="Wait Until Page Contains" owner="SeleniumLibrary">
<arg>Search Amazon</arg>
<doc>Waits until ``text`` appears on the current page.</doc>
<status status="PASS" start="2026-02-18T14:06:12.049938" elapsed="2.105526"/>
</kw>
<kw name="Dismiss Delivery Popup If Present">
<kw name="Run Keyword And Return Status" owner="BuiltIn">
<kw name="Wait Until Element Is Visible" owner="SeleniumLibrary">
<msg time="2026-02-18T14:06:16.601411" level="INFO" html="true">&lt;/td&gt;&lt;/tr&gt;&lt;tr&gt;&lt;td colspan="3"&gt;&lt;a href="selenium-screenshot-2.png"&gt;&lt;img src="selenium-screenshot-2.png" width="800px"&gt;&lt;/a&gt;</msg>
<msg time="2026-02-18T14:06:16.601543" level="FAIL">Element 'xpath=//button[normalize-space(.)="Dismiss"]' not visible after 2 seconds.</msg>
<arg>${DELIVERY_DISMISS_BUTTON}</arg>
<arg>timeout=2s</arg>
<doc>Waits until the element ``locator`` is visible.</doc>
<status status="FAIL" start="2026-02-18T14:06:14.156796" elapsed="2.445478">Element 'xpath=//button[normalize-space(.)="Dismiss"]' not visible after 2 seconds.</status>
</kw>
<msg time="2026-02-18T14:06:16.602410" level="INFO">${is_visible} = False</msg>
<var>${is_visible}</var>
<arg>Wait Until Element Is Visible</arg>
<arg>${DELIVERY_DISMISS_BUTTON}</arg>
<arg>timeout=2s</arg>
<doc>Runs the specified keyword and returns the status as a Boolean value.</doc>
<status status="PASS" start="2026-02-18T14:06:14.156398" elapsed="2.446032"/>
</kw>
<if>
<branch type="IF" condition="${is_visible}">
<kw name="Click Button" owner="SeleniumLibrary">
<arg>${DELIVERY_DISMISS_BUTTON}</arg>
<doc>Clicks the button identified by ``locator``.</doc>
<status status="NOT RUN" start="2026-02-18T14:06:16.602847" elapsed="0.000063"/>
</kw>
<status status="NOT RUN" start="2026-02-18T14:06:16.602517" elapsed="0.000466"/>
</branch>
<status status="PASS" start="2026-02-18T14:06:16.602492" elapsed="0.000547"/>
</if>
<status status="PASS" start="2026-02-18T14:06:14.156003" elapsed="2.447118"/>
</kw>
<kw name="Input Text" owner="SeleniumLibrary">
<msg time="2026-02-18T14:06:16.604002" level="INFO">Typing text 'Ferrari 458' into text field 'id=twotabsearchtextbox'.</msg>
<arg>${SEARCH_INPUT}</arg>
<arg>Ferrari 458</arg>
<doc>Types the given ``text`` into the text field identified by ``locator``.</doc>
<status status="PASS" start="2026-02-18T14:06:16.603726" elapsed="0.133112"/>
</kw>
<kw name="Press Keys" owner="SeleniumLibrary">
<msg time="2026-02-18T14:06:16.737814" level="INFO">Sending key(s) ('ENTER',) to id=twotabsearchtextbox element.</msg>
<msg time="2026-02-18T14:06:17.057140" level="INFO">Pressing special key ENTER to element.</msg>
<msg time="2026-02-18T14:06:17.057242" level="INFO">Releasing special key ENTER.</msg>
<arg>${SEARCH_INPUT}</arg>
<arg>ENTER</arg>
<doc>Simulates the user pressing key(s) to an element or on the active browser.</doc>
<status status="PASS" start="2026-02-18T14:06:16.737227" elapsed="2.846328"/>
</kw>
<kw name="Wait Until Element Is Visible" owner="SeleniumLibrary">
<arg>${SEARCH_RESULTS_CONTAINER}</arg>
<arg>timeout=15s</arg>
<doc>Waits until the element ``locator`` is visible.</doc>
<status status="PASS" start="2026-02-18T14:06:19.584233" elapsed="0.045122"/>
</kw>
<kw name="Dismiss Delivery Popup If Present">
<kw name="Run Keyword And Return Status" owner="BuiltIn">
<kw name="Wait Until Element Is Visible" owner="SeleniumLibrary">
<msg time="2026-02-18T14:06:21.897906" level="INFO" html="true">&lt;/td&gt;&lt;/tr&gt;&lt;tr&gt;&lt;td colspan="3"&gt;&lt;a href="selenium-screenshot-3.png"&gt;&lt;img src="selenium-screenshot-3.png" width="800px"&gt;&lt;/a&gt;</msg>
<msg time="2026-02-18T14:06:21.898033" level="FAIL">Element 'xpath=//button[normalize-space(.)="Dismiss"]' not visible after 2 seconds.</msg>
<arg>${DELIVERY_DISMISS_BUTTON}</arg>
<arg>timeout=2s</arg>
<doc>Waits until the element ``locator`` is visible.</doc>
<status status="FAIL" start="2026-02-18T14:06:19.631825" elapsed="2.266929">Element 'xpath=//button[normalize-space(.)="Dismiss"]' not visible after 2 seconds.</status>
</kw>
<msg time="2026-02-18T14:06:21.898883" level="INFO">${is_visible} = False</msg>
<var>${is_visible}</var>
<arg>Wait Until Element Is Visible</arg>
<arg>${DELIVERY_DISMISS_BUTTON}</arg>
<arg>timeout=2s</arg>
<doc>Runs the specified keyword and returns the status as a Boolean value.</doc>
<status status="PASS" start="2026-02-18T14:06:19.631080" elapsed="2.267823"/>
</kw>
<if>
<branch type="IF" condition="${is_visible}">
<kw name="Click Button" owner="SeleniumLibrary">
<arg>${DELIVERY_DISMISS_BUTTON}</arg>
<doc>Clicks the button identified by ``locator``.</doc>
<status status="NOT RUN" start="2026-02-18T14:06:21.899109" elapsed="0.000038"/>
</kw>
<status status="NOT RUN" start="2026-02-18T14:06:21.898987" elapsed="0.000198"/>
</branch>
<status status="PASS" start="2026-02-18T14:06:21.898964" elapsed="0.000255"/>
</if>
<status status="PASS" start="2026-02-18T14:06:19.630409" elapsed="2.268859"/>
</kw>
<kw name="Wait Until Element Is Visible" owner="SeleniumLibrary">
<arg>xpath=(//div[@data-component-type='s-search-result']//img[contains(@class,'s-image')])[1]</arg>
<arg>timeout=15s</arg>
<doc>Waits until the element ``locator`` is visible.</doc>
<status status="PASS" start="2026-02-18T14:06:21.899594" elapsed="0.033755"/>
</kw>
<kw name="Click Element" owner="SeleniumLibrary">
<msg time="2026-02-18T14:06:21.933974" level="INFO">Clicking element 'xpath=(//div[@data-component-type='s-search-result']//img[contains(@class,'s-image')])[1]'.</msg>
<arg>xpath=(//div[@data-component-type='s-search-result']//img[contains(@class,'s-image')])[1]</arg>
<doc>Click the element identified by ``locator``.</doc>
<status status="PASS" start="2026-02-18T14:06:21.933786" elapsed="3.537309"/>
</kw>
<kw name="Wait Until Element Is Visible" owner="SeleniumLibrary">
<arg>id=productTitle</arg>
<arg>timeout=15s</arg>
<doc>Waits until the element ``locator`` is visible.</doc>
<status status="PASS" start="2026-02-18T14:06:25.471546" elapsed="0.197003"/>
</kw>
<kw name="Close Browser" owner="SeleniumLibrary">
<doc>Closes the current browser.</doc>
<status status="PASS" start="2026-02-18T14:06:25.669189" elapsed="2.261281"/>
</kw>
<kw name="Close Browser" owner="SeleniumLibrary" type="TEARDOWN">
<doc>Closes the current browser.</doc>
<status status="PASS" start="2026-02-18T14:06:27.931721" elapsed="0.000409"/>
</kw>
<doc>This is some basic info about the test</doc>
<tag>Smoke</tag>
<status status="PASS" start="2026-02-18T14:06:10.551782" elapsed="17.380843"/>
</test>
<doc>This is some basic info about the whole suite</doc>
<status status="PASS" start="2026-02-18T14:05:57.322156" elapsed="30.612988"/>
</suite>
<statistics>
<total>
<stat pass="2" fail="0" skip="0">All Tests</stat>
</total>
<tag>
<stat pass="2" fail="0" skip="0">Smoke</stat>
</tag>
<suite>
<stat name="Amazon" id="s1" pass="2" fail="0" skip="0">Amazon</stat>
</suite>
</statistics>
<errors>
</errors>
</robot>
