<?xml version="1.0" encoding="UTF-8"?>
<robot generator="Robot 7.4.1 (Python 3.13.1 on win32)" generated="2026-02-16T22:56:32.634245" rpa="false" schemaversion="5">
<suite id="s1" name="Crm" source="C:\369_workspaces\02_Test_Framework\robot-framework\robot-framework-practice\crm\tests\crm.robot">
<test id="s1-t1" name="Should be able to add new customer" line="12">
<kw name="Set Selenium Speed" owner="SeleniumLibrary">
<arg>.2s</arg>
<doc>Sets the delay that is waited after each Selenium command.</doc>
<status status="PASS" start="2026-02-16T22:56:32.851907" elapsed="0.000234"/>
</kw>
<kw name="Set Selenium Timeout" owner="SeleniumLibrary">
<arg>10s</arg>
<doc>Sets the timeout that is used by various keywords.</doc>
<status status="PASS" start="2026-02-16T22:56:32.852474" elapsed="0.000166"/>
</kw>
<kw name="Log" owner="BuiltIn">
<msg time="2026-02-16T22:56:32.853081" level="INFO">Starting the test case!</msg>
<arg>Starting the test case!</arg>
<doc>Logs the given message with the given level.</doc>
<status status="PASS" start="2026-02-16T22:56:32.852863" elapsed="0.000257"/>
</kw>
<kw name="Open Browser" owner="SeleniumLibrary">
<msg time="2026-02-16T22:56:32.853538" level="INFO">Opening browser 'edge' to base url 'https://automationplayground.com/crm/'.</msg>
<arg>https://automationplayground.com/crm/</arg>
<arg>edge</arg>
<doc>Opens a new browser instance to the optional ``url``.</doc>
<status status="PASS" start="2026-02-16T22:56:32.853408" elapsed="4.294233"/>
</kw>
<kw name="Set Window Position" owner="SeleniumLibrary">
<arg>x=341</arg>
<arg>y=169</arg>
<doc>Sets window position using ``x`` and ``y`` coordinates.</doc>
<status status="PASS" start="2026-02-16T22:56:37.148045" elapsed="0.235151"/>
</kw>
<kw name="Set Window Size" owner="SeleniumLibrary">
<arg>width=1935</arg>
<arg>height=1090</arg>
<doc>Sets current windows size to given ``width`` and ``height``.</doc>
<status status="PASS" start="2026-02-16T22:56:37.384759" elapsed="0.247184"/>
</kw>
<kw name="Sleep" owner="BuiltIn">
<msg time="2026-02-16T22:56:40.635191" level="INFO">Slept 3 seconds.</msg>
<arg>3s</arg>
<doc>Pauses the test executed for the given time.</doc>
<status status="PASS" start="2026-02-16T22:56:37.633188" elapsed="3.002274"/>
</kw>
<kw name="Close Browser" owner="SeleniumLibrary">
<doc>Closes the current browser.</doc>
<status status="PASS" start="2026-02-16T22:56:40.636296" elapsed="2.412004"/>
</kw>
<doc>This is some basic info about the test</doc>
<tag>1006</tag>
<tag>Contacts</tag>
<tag>Smoke</tag>
<status status="PASS" start="2026-02-16T22:56:32.851054" elapsed="10.198232"/>
</test>
<doc>This is some basic info about the whole suite</doc>
<status status="PASS" start="2026-02-16T22:56:32.635397" elapsed="10.416317"/>
</suite>
<statistics>
<total>
<stat pass="1" fail="0" skip="0">All Tests</stat>
</total>
<tag>
<stat pass="1" fail="0" skip="0">1006</stat>
<stat pass="1" fail="0" skip="0">Contacts</stat>
<stat pass="1" fail="0" skip="0">Smoke</stat>
</tag>
<suite>
<stat name="Crm" id="s1" pass="1" fail="0" skip="0">Crm</stat>
</suite>
</statistics>
<errors>
</errors>
</robot>
