<?xml version="1.0" encoding="UTF-8"?>
<robot generator="Robot 7.4.1 (Python 3.13.1 on win32)" generated="2026-02-18T13:43:54.440886" rpa="false" schemaversion="5">
<suite id="s1" name="Robot-Framework-Practice" source="C:\369_workspaces\02_Test_Framework\robot-framework\robot-framework-practice">
<suite id="s1-s1" name="Amazon" source="C:\369_workspaces\02_Test_Framework\robot-framework\robot-framework-practice\amazon">
<suite id="s1-s1-s1" name="Tests" source="C:\369_workspaces\02_Test_Framework\robot-framework\robot-framework-practice\amazon\Tests">
<suite id="s1-s1-s1-s1" name="Amazon" source="C:\369_workspaces\02_Test_Framework\robot-framework\robot-framework-practice\amazon\Tests\amazon.robot">
<test id="s1-s1-s1-s1-t1" name="User can view a product" line="29">
<kw name="Open Browser" owner="SeleniumLibrary">
<msg time="2026-02-18T13:43:54.674550" level="INFO">Opening browser 'ie' to base url 'http://www.amazon.com'.</msg>
<errors>
<msg time="2026-02-18T13:44:17.785401" level="ERROR">Execution stopped by user.</msg>
</errors>
</robot>
