<?xml version="1.0" encoding="UTF-8"?>
<robot generator="Robot 7.4.1 (Python 3.13.1 on win32)" generated="2026-02-18T13:36:48.371149" rpa="false" schemaversion="5">
<suite id="s1" name="Amazon" source="C:\369_workspaces\02_Test_Framework\robot-framework\robot-framework-practice\amazon\Tests\amazon.robot">
<test id="s1-t1" name="User can search for products" line="18">
<kw name="Open Browser" owner="SeleniumLibrary">
<msg time="2026-02-18T13:36:48.594040" level="INFO">Opening browser 'edge' to base url 'https://www.amazon.com'.</msg>
<arg>${AMAZON_URL}</arg>
<arg>edge</arg>
<doc>Opens a new browser instance to the optional ``url``.</doc>
<status status="PASS" start="2026-02-18T13:36:48.593696" elapsed="2.557382"/>
</kw>
<kw name="Wait Until Page Contains" owner="SeleniumLibrary">
<arg>Search Amazon</arg>
<doc>Waits until ``text`` appears on the current page.</doc>
<status status="PASS" start="2026-02-18T13:36:51.151513" elapsed="0.055155"/>
</kw>
<kw name="Dismiss Delivery Popup If Present">
<kw name="Run Keyword And Return Status" owner="BuiltIn">
<kw name="Wait Until Element Is Visible" owner="SeleniumLibrary">
<msg time="2026-02-18T13:36:53.641625" level="INFO" html="true">&lt;/td&gt;&lt;/tr&gt;&lt;tr&gt;&lt;td colspan="3"&gt;&lt;a href="selenium-screenshot-1.png"&gt;&lt;img src="selenium-screenshot-1.png" width="800px"&gt;&lt;/a&gt;</msg>
<msg time="2026-02-18T13:36:53.641914" level="FAIL">Element 'xpath=//button[normalize-space(.)="Dismiss"]' not visible after 2 seconds.</msg>
<arg>${DELIVERY_DISMISS_BUTTON}</arg>
<arg>timeout=2s</arg>
<doc>Waits until the element ``locator`` is visible.</doc>
<status status="FAIL" start="2026-02-18T13:36:51.209227" elapsed="2.435028">Element 'xpath=//button[normalize-space(.)="Dismiss"]' not visible after 2 seconds.</status>
</kw>
<msg time="2026-02-18T13:36:53.644474" level="INFO">${is_visible} = False</msg>
<var>${is_visible}</var>
<arg>Wait Until Element Is Visible</arg>
<arg>${DELIVERY_DISMISS_BUTTON}</arg>
<arg>timeout=2s</arg>
<doc>Runs the specified keyword and returns the status as a Boolean value.</doc>
<status status="PASS" start="2026-02-18T13:36:51.208257" elapsed="2.436257"/>
</kw>
<if>
<branch type="IF" condition="${is_visible}">
<kw name="Click Button" owner="SeleniumLibrary">
<arg>${DELIVERY_DISMISS_BUTTON}</arg>
<doc>Clicks the button identified by ``locator``.</doc>
<status status="NOT RUN" start="2026-02-18T13:36:53.644906" elapsed="0.000038"/>
</kw>
<status status="NOT RUN" start="2026-02-18T13:36:53.644676" elapsed="0.000316"/>
</branch>
<status status="PASS" start="2026-02-18T13:36:53.644632" elapsed="0.000409"/>
</if>
<status status="PASS" start="2026-02-18T13:36:51.207397" elapsed="2.437724"/>
</kw>
<kw name="Input Text" owner="SeleniumLibrary">
<msg time="2026-02-18T13:36:53.645487" level="INFO">Typing text 'Ferrari 458' into text field 'id=twotabsearchtextbox'.</msg>
<arg>${SEARCH_INPUT}</arg>
<arg>Ferrari 458</arg>
<doc>Types the given ``text`` into the text field identified by ``locator``.</doc>
<status status="PASS" start="2026-02-18T13:36:53.645228" elapsed="0.213987"/>
</kw>
<kw name="Press Keys" owner="SeleniumLibrary">
<msg time="2026-02-18T13:36:53.859977" level="INFO">Sending key(s) ('ENTER',) to id=twotabsearchtextbox element.</msg>
<msg time="2026-02-18T13:36:54.175023" level="INFO">Pressing special key ENTER to element.</msg>
<msg time="2026-02-18T13:36:54.175475" level="INFO">Releasing special key ENTER.</msg>
<arg>${SEARCH_INPUT}</arg>
<arg>ENTER</arg>
<doc>Simulates the user pressing key(s) to an element or on the active browser.</doc>
<status status="PASS" start="2026-02-18T13:36:53.859456" elapsed="0.824176"/>
</kw>
<kw name="Wait Until Element Is Visible" owner="SeleniumLibrary">
<arg>${SEARCH_RESULTS_CONTAINER}</arg>
<arg>timeout=15s</arg>
<doc>Waits until the element ``locator`` is visible.</doc>
<status status="PASS" start="2026-02-18T13:36:54.684341" elapsed="2.767219"/>
</kw>
<kw name="Page Should Contain Element" owner="SeleniumLibrary">
<msg time="2026-02-18T13:36:57.492397" level="INFO">Current page contains element 'xpath=//span[contains(translate(., 'ABCDEFGHIJKLMNOPQRSTUVWXYZ', 'abcdefghijklmnopqrstuvwxyz'), 'ferrari 458')]'.</msg>
<arg>xpath=//span[contains(translate(., 'ABCDEFGHIJKLMNOPQRSTUVWXYZ', 'abcdefghijklmnopqrstuvwxyz'), 'ferrari 458')]</arg>
<doc>Verifies that element ``locator`` is found on the current page.</doc>
<status status="PASS" start="2026-02-18T13:36:57.451852" elapsed="0.040728"/>
</kw>
<kw name="Close Browser" owner="SeleniumLibrary" type="TEARDOWN">
<doc>Closes the current browser.</doc>
<status status="PASS" start="2026-02-18T13:36:57.493008" elapsed="3.342817"/>
</kw>
<doc>This is some basic info about the test</doc>
<tag>Smoke</tag>
<status status="PASS" start="2026-02-18T13:36:48.592840" elapsed="12.243143"/>
</test>
<doc>This is some basic info about the whole suite</doc>
<status status="PASS" start="2026-02-18T13:36:48.372248" elapsed="12.464499"/>
</suite>
<statistics>
<total>
<stat pass="1" fail="0" skip="0">All Tests</stat>
</total>
<tag>
<stat pass="1" fail="0" skip="0">Smoke</stat>
</tag>
<suite>
<stat name="Amazon" id="s1" pass="1" fail="0" skip="0">Amazon</stat>
</suite>
</statistics>
<errors>
</errors>
</robot>
